<?xml version="1.0" encoding="UTF-8"?>
<testsuite xmlns:xsi="http://www.w3.org/2001/XMLSchema-instance" xsi:schemaLocation="https://maven.apache.org/surefire/maven-surefire-plugin/xsd/surefire-test-report.xsd" name="runner.RunnerTest" time="36.152" tests="183" errors="0" skipped="0" failures="0">
  <properties>
[...]
</properties>
  <testcase name="Given user would like to see all json placeholder" classname="Scenario: User save a register with post" time="0.002"/>
  <testcase name="When user clicks on find button" classname="Scenario: User save a register with post" time="0"/>
  <testcase name="Then user should see &quot;success&quot; message" classname="Scenario: User save a register with post" time="0"/>
  <testcase name="Scenario: User save a register with post" classname="Scenario: User save a register with post" time="0"/>
  <testcase name="Scenario: User save a register with post" classname="Scenario: User save a register with post" time="0"/>
  <testcase name="Given user would like to see all json placeholder" classname="| success |" time="0"/>
  <testcase name="When user clicks on find button" classname="| success |" time="0"/>
  <testcase name="Then user should see &quot;success&quot; message" classname="| success |" time="0"/>
  <testcase name="| success |" classname="| success |" time="0"/>
  <testcase name="Dado que o usuário está na página de processos" classname="Cenário: Simples POST" time="0"/>
  <testcase name="E o usuário coloca no campo &quot;vara&quot; o valor &quot;4&quot;" classname="Cenário: Simples POST" time="0"/>
  <testcase name="E o usuário coloca no campo &quot;numero_processo&quot; o valor &quot;7823543&quot;" classname="Cenário: Simples POST" time="0"/>
  <testcase name="E o usuário coloca no campo &quot;natureza&quot; o valor &quot;Guarda&quot;" classname="Cenário: Simples POST" time="0"/>
  <testcase name="E o usuário coloca no campo &quot;partes&quot; o valor &quot;Alberto x Alberta&quot;" classname="Cenário: Simples POST" time="0"/>
  <testcase name="E o usuário coloca no campo &quot;urgente&quot; o valor &quot;S&quot;" classname="Cenário: Simples POST" time="0"/>
  <testcase name="E o usuário coloca no campo &quot;arbitramento&quot; o valor &quot;N&quot;" classname="Cenário: Simples POST" time="0"/>
  <testcase name="E o usuário coloca no campo &quot;assistente_social&quot; o valor &quot;Silas Felipe Garcia&quot;" classname="Cenário: Simples POST" time="0"/>
  <testcase name="E o usuário coloca no campo &quot;data_entrada&quot; o valor &quot;2020-02-12&quot;" classname="Cenário: Simples POST" time="0"/>
  <testcase name="E o usuário coloca no campo &quot;data_saida&quot; o valor &quot;2020-02-20&quot;" classname="Cenário: Simples POST" time="0"/>
  <testcase name="E o usuário coloca no campo &quot;data_agendamento&quot; o valor &quot;2020-02-13&quot;" classname="Cenário: Simples POST" time="0"/>
  <testcase name="E o usuário coloca no campo &quot;status&quot; o valor &quot;Aguardando&quot;" classname="Cenário: Simples POST" time="0"/>
  <testcase name="E o usuário coloca no campo &quot;observacao&quot; o valor &quot;Nada a Declarar&quot;" classname="Cenário: Simples POST" time="0"/>
  <testcase name="Quando o usuário selecionar o botao salvar" classname="Cenário: Simples POST" time="0"/>
  <testcase name="Então o usuário deve ver uma mensagem de &quot;salvo com sucesso&quot;" classname="Cenário: Simples POST" time="0"/>
  <testcase name="E o usuário deve visualizar campo &quot;vara&quot;com o valor &quot;4&quot;" classname="Cenário: Simples POST" time="0"/>
  <testcase name="Cenário: Simples POST" classname="Cenário: Simples POST" time="0"/>
  <testcase name="Dado que o usuário está na página de processos" classname="| 7 | sucesso |" time="0"/>
  <testcase name="E o usuário gostaria de visualizar o processo com o id 7" classname="| 7 | sucesso |" time="0"/>
  <testcase name="Quando o usuário selecionar o botao visualizar" classname="| 7 | sucesso |" time="0"/>
  <testcase name="Então o usuário deve ver uma mensagem de &quot;sucesso&quot;" classname="| 7 | sucesso |" time="0"/>
  <testcase name="| 7 | sucesso |" classname="| 7 | sucesso |" time="0"/>
  <testcase name="Dado que o usuário está na página de processos" classname="| 666 | nao encontrado |" time="0"/>
  <testcase name="E o usuário gostaria de visualizar o processo com o id 666" classname="| 666 | nao encontrado |" time="0"/>
  <testcase name="Quando o usuário selecionar o botao visualizar" classname="| 666 | nao encontrado |" time="0"/>
  <testcase name="Então o usuário deve ver uma mensagem de &quot;nao encontrado&quot;" classname="| 666 | nao encontrado |" time="0"/>
  <testcase name="| 666 | nao encontrado |" classname="| 666 | nao encontrado |" time="0"/>
  <testcase name="Dado que o usuário está na página de processos" classname="Cenário: Cenário: Simples PUT com todos os campos" time="0"/>
  <testcase name="E o usuário gostaria de visualizar o processo com o id 7" classname="Cenário: Cenário: Simples PUT com todos os campos" time="0"/>
  <testcase name="E o usuário coloca no campo &quot;vara&quot; o valor &quot;8&quot;" classname="Cenário: Cenário: Simples PUT com todos os campos" time="0"/>
  <testcase name="E o usuário coloca no campo &quot;numero_processo&quot; o valor &quot;7823543&quot;" classname="Cenário: Cenário: Simples PUT com todos os campos" time="0"/>
  <testcase name="E o usuário coloca no campo &quot;natureza&quot; o valor &quot;Guarda&quot;" classname="Cenário: Cenário: Simples PUT com todos os campos" time="0"/>
  <testcase name="E o usuário coloca no campo &quot;partes&quot; o valor &quot;Alberto x Alberta&quot;" classname="Cenário: Cenário: Simples PUT com todos os campos" time="0"/>
  <testcase name="E o usuário coloca no campo &quot;urgente&quot; o valor &quot;S&quot;" classname="Cenário: Cenário: Simples PUT com todos os campos" time="0"/>
  <testcase name="E o usuário coloca no campo &quot;arbitramento&quot; o valor &quot;N&quot;" classname="Cenário: Cenário: Simples PUT com todos os campos" time="0"/>
  <testcase name="E o usuário coloca no campo &quot;assistente_social&quot; o valor &quot;Silas Felipe Garcia&quot;" classname="Cenário: Cenário: Simples PUT com todos os campos" time="0"/>
  <testcase name="E o usuário coloca no campo &quot;data_entrada&quot; o valor &quot;2020-02-12&quot;" classname="Cenário: Cenário: Simples PUT com todos os campos" time="0"/>
  <testcase name="E o usuário coloca no campo &quot;data_saida&quot; o valor &quot;2020-02-20&quot;" classname="Cenário: Cenário: Simples PUT com todos os campos" time="0"/>
  <testcase name="E o usuário coloca no campo &quot;data_agendamento&quot; o valor &quot;2020-02-13&quot;" classname="Cenário: Cenário: Simples PUT com todos os campos" time="0"/>
  <testcase name="E o usuário coloca no campo &quot;status&quot; o valor &quot;Aguardando&quot;" classname="Cenário: Cenário: Simples PUT com todos os campos" time="0"/>
  <testcase name="E o usuário coloca no campo &quot;observacao&quot; o valor &quot;Nada a Declarar&quot;" classname="Cenário: Cenário: Simples PUT com todos os campos" time="0"/>
  <testcase name="Quando o usuário selecionar o botao atualizar" classname="Cenário: Cenário: Simples PUT com todos os campos" time="0"/>
  <testcase name="Então o usuário deve ver uma mensagem de &quot;sucesso&quot;" classname="Cenário: Cenário: Simples PUT com todos os campos" time="0"/>
  <testcase name="E o usuário deve visualizar campo &quot;vara&quot;com o valor &quot;8&quot;" classname="Cenário: Cenário: Simples PUT com todos os campos" time="0"/>
  <testcase name="Cenário: Cenário: Simples PUT com todos os campos" classname="Cenário: Cenário: Simples PUT com todos os campos" time="0"/>
  <testcase name="Dado que o usuário está na página de processos" classname="Cenário: Cenário: Simples DELETE" time="0"/>
  <testcase name="E o usuário coloca no campo &quot;vara&quot; o valor &quot;4&quot;" classname="Cenário: Cenário: Simples DELETE" time="0"/>
  <testcase name="E o usuário coloca no campo &quot;numero_processo&quot; o valor &quot;7823543&quot;" classname="Cenário: Cenário: Simples DELETE" time="0"/>
  <testcase name="E o usuário coloca no campo &quot;natureza&quot; o valor &quot;Guarda&quot;" classname="Cenário: Cenário: Simples DELETE" time="0.001"/>
  <testcase name="E o usuário coloca no campo &quot;partes&quot; o valor &quot;Alberto x Alberta&quot;" classname="Cenário: Cenário: Simples DELETE" time="0"/>
  <testcase name="E o usuário coloca no campo &quot;urgente&quot; o valor &quot;S&quot;" classname="Cenário: Cenário: Simples DELETE" time="0"/>
  <testcase name="E o usuário coloca no campo &quot;arbitramento&quot; o valor &quot;N&quot;" classname="Cenário: Cenário: Simples DELETE" time="0"/>
  <testcase name="E o usuário coloca no campo &quot;assistente_social&quot; o valor &quot;Silas Felipe Garcia&quot;" classname="Cenário: Cenário: Simples DELETE" time="0"/>
  <testcase name="E o usuário coloca no campo &quot;data_entrada&quot; o valor &quot;2020-02-12&quot;" classname="Cenário: Cenário: Simples DELETE" time="0"/>
  <testcase name="E o usuário coloca no campo &quot;data_saida&quot; o valor &quot;2020-02-20&quot;" classname="Cenário: Cenário: Simples DELETE" time="0"/>
  <testcase name="E o usuário coloca no campo &quot;data_agendamento&quot; o valor &quot;2020-02-13&quot;" classname="Cenário: Cenário: Simples DELETE" time="0"/>
  <testcase name="E o usuário coloca no campo &quot;status&quot; o valor &quot;Aguardando&quot;" classname="Cenário: Cenário: Simples DELETE" time="0"/>
  <testcase name="E o usuário coloca no campo &quot;observacao&quot; o valor &quot;Nada a Declarar&quot;" classname="Cenário: Cenário: Simples DELETE" time="0"/>
  <testcase name="E o usuário selecionar o botao salvar" classname="Cenário: Cenário: Simples DELETE" time="0"/>
  <testcase name="Quando o usuário selecionar o botao apagar" classname="Cenário: Cenário: Simples DELETE" time="0"/>
  <testcase name="Então o usuário deve ver uma mensagem de &quot;sem conteudo&quot;" classname="Cenário: Cenário: Simples DELETE" time="0"/>
  <testcase name="Cenário: Cenário: Simples DELETE" classname="Cenário: Cenário: Simples DELETE" time="0"/>
  <testcase name="Given user would like to see people number 1" classname="Scenario: User would like to see information about Luke Skywalker" time="0.001"/>
  <testcase name="When user clicks on find people button into Star Wars series" classname="Scenario: User would like to see information about Luke Skywalker" time="0"/>
  <testcase name="Then user should see &quot;success&quot; message" classname="Scenario: User would like to see information about Luke Skywalker" time="0"/>
  <testcase name="And user should see name with value &quot;Luke Skywalker&quot;" classname="Scenario: User would like to see information about Luke Skywalker" time="0"/>
  <testcase name="And user should see hair_color with value &quot;blond&quot;" classname="Scenario: User would like to see information about Luke Skywalker" time="0"/>
  <testcase name="Scenario: User would like to see information about Luke Skywalker" classname="Scenario: User would like to see information about Luke Skywalker" time="0"/>
  <testcase name="Given user would like to see people number 1" classname="Scenario: User would like to see information about Luke Skywalker with table" time="0"/>
  <testcase name="When user clicks on find people button into Star Wars series" classname="Scenario: User would like to see information about Luke Skywalker with table" time="0"/>
  <testcase name="Then user should see fields below:" classname="Scenario: User would like to see information about Luke Skywalker with table" time="0"/>
  <testcase name="And user should see &quot;success&quot; message" classname="Scenario: User would like to see information about Luke Skywalker with table" time="0"/>
  <testcase name="Scenario: User would like to see information about Luke Skywalker with table" classname="Scenario: User would like to see information about Luke Skywalker with table" time="0"/>
  <testcase name="Given user would like to see people number 1" classname="| 1 | success |" time="0"/>
  <testcase name="When user clicks on find people button into Star Wars series" classname="| 1 | success |" time="0"/>
  <testcase name="Then user should see &quot;success&quot; message" classname="| 1 | success |" time="0"/>
  <testcase name="| 1 | success |" classname="| 1 | success |" time="0"/>
  <testcase name="Given user would like to see people number 12317673" classname="| 12317673 | not found |" time="0"/>
  <testcase name="When user clicks on find people button into Star Wars series" classname="| 12317673 | not found |" time="0"/>
  <testcase name="Then user should see &quot;not found&quot; message" classname="| 12317673 | not found |" time="0"/>
  <testcase name="| 12317673 | not found |" classname="| 12317673 | not found |" time="0"/>
  <testcase name="Given user would like to save a user" classname="Scenario: User save a register with post" time="0"/>
  <testcase name="And user informs login with value equal &quot;stellaagapito&quot;" classname="Scenario: User save a register with post" time="0"/>
  <testcase name="And user informs full_name with value equal &quot;Stella da Silva Agapito Correa&quot;" classname="Scenario: User save a register with post" time="0.001"/>
  <testcase name="And user informs email with value equal &quot;stella.agapito@gmail.com&quot;" classname="Scenario: User save a register with post" time="0"/>
  <testcase name="And user informs age with value equal &quot;7&quot;" classname="Scenario: User save a register with post" time="0"/>
  <testcase name="When user clicks on save button" classname="Scenario: User save a register with post" time="0"/>
  <testcase name="Then user should see &quot;save with success&quot; message" classname="Scenario: User save a register with post" time="0"/>
  <testcase name="Given user would like to save a user" classname="Scenario: User show a register with get" time="0"/>
  <testcase name="And user informs login with value equal &quot;bugluna&quot;" classname="Scenario: User show a register with get" time="0"/>
  <testcase name="And user informs full_name with value equal &quot;Bug Luna Agapito Correa&quot;" classname="Scenario: User show a register with get" time="0"/>
  <testcase name="And user informs email with value equal &quot;bug.luna@gmail.com&quot;" classname="Scenario: User show a register with get" time="0"/>
  <testcase name="And user informs age with value equal &quot;8&quot;" classname="Scenario: User show a register with get" time="0"/>
  <testcase name="When user clicks on save button" classname="Scenario: User show a register with get" time="0"/>
  <testcase name="And user wants to see user information" classname="Scenario: User show a register with get" time="0"/>
  <testcase name="Then user should see &quot;success&quot; message" classname="Scenario: User show a register with get" time="0"/>
  <testcase name="And user should see login with value &quot;bugluna&quot;" classname="Scenario: User show a register with get" time="0"/>
  <testcase name="And user should see full_name with value &quot;Bug Luna Agapito Correa&quot;" classname="Scenario: User show a register with get" time="0"/>
  <testcase name="Scenario: User show a register with get" classname="Scenario: User show a register with get" time="0"/>
  <testcase name="Given user would like to save a user" classname="Scenario: User update a register with put" time="0"/>
  <testcase name="Given user would like to save a user" classname="Scenario: User update a register with put" time="0"/>
  <testcase name="And user informs login with value equal &quot;bugluna&quot;" classname="Scenario: User update a register with put" time="0"/>
  <testcase name="And user informs login with value equal &quot;bugluna&quot;" classname="Scenario: User update a register with put" time="0"/>
  <testcase name="And user informs login with value equal &quot;bugluna&quot;" classname="Scenario: User update a register with put" time="0"/>
  <testcase name="And user informs login with value equal &quot;bugluna&quot;" classname="Scenario: User update a register with put" time="0"/>
  <testcase name="And user informs full_name with value equal &quot;Bug Luna Agapito Correa&quot;" classname="Scenario: User update a register with put" time="0"/>
  <testcase name="And user informs email with value equal &quot;bug.luna@gmail.com&quot;" classname="Scenario: User update a register with put" time="0"/>
  <testcase name="And user informs email with value equal &quot;bug.luna@gmail.com&quot;" classname="Scenario: User update a register with put" time="0"/>
  <testcase name="And user informs email with value equal &quot;bug.luna@gmail.com&quot;" classname="Scenario: User update a register with put" time="0"/>
  <testcase name="And user informs email with value equal &quot;bug.luna@gmail.com&quot;" classname="Scenario: User update a register with put" time="0"/>
  <testcase name="And user informs age with value equal &quot;8&quot;" classname="Scenario: User update a register with put" time="0"/>
  <testcase name="And user informs age with value equal &quot;8&quot;" classname="Scenario: User update a register with put" time="0"/>
  <testcase name="And user informs age with value equal &quot;8&quot;" classname="Scenario: User update a register with put" time="0"/>
  <testcase name="When user clicks on save button" classname="Scenario: User update a register with put" time="0"/>
  <testcase name="When user clicks on save button" classname="Scenario: User update a register with put" time="0"/>
  <testcase name="And user informs full_name with value equal &quot;Bug Luna da Silva Agapito Correa&quot;" classname="Scenario: User update a register with put" time="0"/>
  <testcase name="And user clicks on save button again" classname="Scenario: User update a register with put" time="0"/>
  <testcase name="And user clicks on save button again" classname="Scenario: User update a register with put" time="0"/>
  <testcase name="And user wants to see user information" classname="Scenario: User update a register with put" time="0"/>
  <testcase name="And user wants to see user information" classname="Scenario: User update a register with put" time="0"/>
  <testcase name="Then user should see &quot;success&quot; message" classname="Scenario: User update a register with put" time="0"/>
  <testcase name="Then user should see &quot;success&quot; message" classname="Scenario: User update a register with put" time="0"/>
  <testcase name="And user should see full_name with value &quot;Bug Luna da Silva Agapito Correa&quot;" classname="Scenario: User update a register with put" time="0"/>
  <testcase name="Scenario: User update a register with put" classname="Scenario: User update a register with put" time="0.001"/>
  <testcase name="Scenario: User update a register with put" classname="Scenario: User update a register with put" time="0"/>
  <testcase name="Given user would like to save a user" classname="Scenario: User delete a register with delete" time="0"/>
  <testcase name="And user informs login with value equal &quot;Toti&quot;" classname="Scenario: User delete a register with delete" time="0"/>
  <testcase name="And user informs full_name with value equal &quot;Toti Agapito Correa&quot;" classname="Scenario: User delete a register with delete" time="0"/>
  <testcase name="And user informs email with value equal &quot;toti@gmail.com&quot;" classname="Scenario: User delete a register with delete" time="0"/>
  <testcase name="And user informs age with value equal &quot;10&quot;" classname="Scenario: User delete a register with delete" time="0.001"/>
  <testcase name="When user clicks on save button" classname="Scenario: User delete a register with delete" time="0"/>
  <testcase name="And user clicks on delete button" classname="Scenario: User delete a register with delete" time="0"/>
  <testcase name="Then user should see &quot;no content&quot; message" classname="Scenario: User delete a register with delete" time="0"/>
  <testcase name="Scenario: User delete a register with delete" classname="Scenario: User delete a register with delete" time="0"/>
  <testcase name="Given user would like to save a user" classname="Scenario: User update a register with patch" time="0.001"/>
  <testcase name="And user informs login with value equal &quot;bugluna&quot;" classname="Scenario: User update a register with patch" time="0"/>
  <testcase name="And user informs full_name with value equal &quot;Bug Luna Agapito Correa&quot;" classname="Scenario: User update a register with patch" time="0"/>
  <testcase name="And user informs email with value equal &quot;bug.luna@gmail.com&quot;" classname="Scenario: User update a register with patch" time="0"/>
  <testcase name="And user informs age with value equal &quot;8&quot;" classname="Scenario: User update a register with patch" time="0"/>
  <testcase name="When user clicks on save button" classname="Scenario: User update a register with patch" time="0.001"/>
  <testcase name="And user informs full_name with value equal &quot;Bug Luna da Silva Agapito Correa&quot;" classname="Scenario: User update a register with patch" time="0"/>
  <testcase name="And user clicks on save button with only one change" classname="Scenario: User update a register with patch" time="0"/>
  <testcase name="And user wants to see user information" classname="Scenario: User update a register with patch" time="0"/>
  <testcase name="Then user should see &quot;success&quot; message" classname="Scenario: User update a register with patch" time="0"/>
  <testcase name="And user should see full_name with value &quot;Bug Luna da Silva Agapito Correa&quot;" classname="Scenario: User update a register with patch" time="0"/>
  <testcase name="Scenario: User update a register with patch" classname="Scenario: User update a register with patch" time="0.001"/>
  <testcase name="Given user would like to save a user" classname="Scenario: Gravar um usuário" time="0"/>
  <testcase name="And user informs login with value equal &quot;JoanaDark1&quot;" classname="Scenario: Gravar um usuário" time="0"/>
  <testcase name="And user informs age with value equal &quot;22&quot;" classname="Scenario: Gravar um usuário" time="0"/>
  <testcase name="And user informs full_name with value equal &quot;Joana Dark&quot;" classname="Scenario: Gravar um usuário" time="0"/>
  <testcase name="And user informs email with value equal &quot;joana@impacta.com.br&quot;" classname="Scenario: Gravar um usuário" time="0"/>
  <testcase name="When user clicks on save button" classname="Scenario: Gravar um usuário" time="0"/>
  <testcase name="Then user should see &quot;save with success&quot; message" classname="Scenario: Gravar um usuário" time="0"/>
  <testcase name="When user wants to see user information" classname="Scenario: Gravar um usuário" time="0"/>
  <testcase name="Then user should see &quot;success&quot; message" classname="Scenario: Gravar um usuário" time="0"/>
  <testcase name="And user should see login with value &quot;JoanaDark1&quot;" classname="Scenario: Gravar um usuário" time="0"/>
  <testcase name="Scenario: Gravar um usuário" classname="Scenario: Gravar um usuário" time="0"/>
  <testcase name="And user informs full_name with value equal &quot;Bug Luna Agapito Correa2&quot;" classname="Scenario: User update a register with put" time="0"/>
  <testcase name="And user informs full_name with value equal &quot;Bug Luna da Silva Agapito Correa2&quot;" classname="Scenario: User update a register with put" time="0"/>
  <testcase name="And user informs age with value equal &quot;7&quot;" classname="Scenario: User update a register with put" time="0"/>
  <testcase name="And user should see full_name with value &quot;Bug Luna da Silva Agapito Correa2&quot;" classname="Scenario: User update a register with put" time="0"/>
  <testcase name="And user clicks on delete button" classname="Scenario: User update a register with put" time="0"/>
  <testcase name="Then user should see &quot;no content&quot; message" classname="Scenario: User update a register with put" time="0"/>
  <testcase name="Given user would like to save a user" classname="Scenario: User update a register with put and delete" time="0"/>
  <testcase name="And user informs login with value equal &quot;teste&quot;" classname="Scenario: User update a register with put and delete" time="0"/>
  <testcase name="And user informs full_name with value equal &quot;teste&quot;" classname="Scenario: User update a register with put and delete" time="0"/>
  <testcase name="And user informs email with value equal &quot;teste@gmail.com&quot;" classname="Scenario: User update a register with put and delete" time="0"/>
  <testcase name="And user informs age with value equal &quot;8&quot;" classname="Scenario: User update a register with put and delete" time="0"/>
  <testcase name="When user clicks on save button" classname="Scenario: User update a register with put and delete" time="0"/>
  <testcase name="Then user should see &quot;save with success&quot; message" classname="Scenario: User update a register with put and delete" time="0"/>
  <testcase name="And user should see login with value &quot;teste&quot;" classname="Scenario: User update a register with put and delete" time="0"/>
  <testcase name="And user clicks on delete button" classname="Scenario: User update a register with put and delete" time="0"/>
  <testcase name="Then user should see &quot;no content&quot; message" classname="Scenario: User update a register with put and delete" time="0"/>
  <testcase name="Scenario: User update a register with put and delete" classname="Scenario: User update a register with put and delete" time="0"/>
</testsuite>